<?xml version="1.0" encoding="UTF-8"?>
<!-- Generated by org.testng.reporters.JUnitReportReporter -->
<testsuite hostname="WIN-251I7G81T1F" failures="0" tests="1" name="testCases.TC001_HomePageTest" time="2.685" errors="0" timestamp="2024-08-09T20:39:24 BST" skipped="0">
  <testcase classname="testCases.TC001_HomePageTest" name="hopageTest" time="2.685"/>
</testsuite> <!-- testCases.TC001_HomePageTest -->
