<?xml version="1.0" encoding="UTF-8"?>
<!-- Generated by org.testng.reporters.JUnitReportReporter -->
<testsuite hostname="WIN-251I7G81T1F" failures="0" tests="1" name="testCases.TC001_AccountRegistrationTest" time="3.442" errors="0" timestamp="2024-09-06T19:47:13 BST" skipped="0">
  <testcase classname="testCases.TC001_AccountRegistrationTest" name="registrationTest" time="3.442"/>
</testsuite> <!-- testCases.TC001_AccountRegistrationTest -->
