<?xml version="1.0" encoding="UTF-8"?>
<!-- Generated by org.testng.reporters.JUnitReportReporter -->
<testsuite hostname="WIN-251I7G81T1F" failures="0" tests="1" name="testCases.TC002_LoginTest" time="2.838" errors="0" timestamp="2024-09-06T19:47:13 BST" skipped="0">
  <testcase classname="testCases.TC002_LoginTest" name="loginTest" time="2.838"/>
</testsuite> <!-- testCases.TC002_LoginTest -->
