<?xml version="1.0" encoding="UTF-8"?>
<!-- Generated by org.testng.reporters.JUnitReportReporter -->
<testsuite hostname="WIN-251I7G81T1F" failures="0" tests="1" name="testCases.TC006_SearchProductTest" time="4.678" errors="0" timestamp="2024-09-05T13:20:33 BST" skipped="0">
  <testcase classname="testCases.TC006_SearchProductTest" name="searchProduct" time="4.678"/>
</testsuite> <!-- testCases.TC006_SearchProductTest -->
