<?xml version="1.0" encoding="UTF-8"?>
<!-- Generated by org.testng.reporters.JUnitReportReporter -->
<testsuite hostname="WIN-251I7G81T1F" failures="0" tests="3" name="testCases.TC002_LoginTest" time="8.181" errors="0" timestamp="2024-09-05T18:32:42 BST" skipped="0">
  <testcase classname="testCases.TC002_LoginTest" name="loginTest" time="2.627"/>
  <testcase classname="testCases.TC002_LoginTest" name="loginTest" time="2.568"/>
  <testcase classname="testCases.TC002_LoginTest" name="loginTest" time="2.986"/>
</testsuite> <!-- testCases.TC002_LoginTest -->
