<?xml version="1.0" encoding="UTF-8"?>
<!-- Generated by org.testng.reporters.JUnitReportReporter -->
<testsuite hostname="WIN-251I7G81T1F" failures="0" tests="3" name="testCases.TC001_AccountRegistrationTest" time="13.557" errors="0" timestamp="2024-09-05T18:32:42 BST" skipped="0">
  <testcase classname="testCases.TC001_AccountRegistrationTest" name="registrationTest" time="3.841"/>
  <testcase classname="testCases.TC001_AccountRegistrationTest" name="registrationTest" time="4.412"/>
  <testcase classname="testCases.TC001_AccountRegistrationTest" name="registrationTest" time="5.304"/>
</testsuite> <!-- testCases.TC001_AccountRegistrationTest -->
