<?xml version="1.0" encoding="UTF-8"?>
<!-- Generated by org.testng.reporters.JUnitReportReporter -->
<testsuite hostname="WIN-251I7G81T1F" failures="0" tests="3" name="testCases.TC002_LoginTest" time="7.875" errors="0" timestamp="2024-09-05T18:39:03 BST" skipped="0">
  <testcase classname="testCases.TC002_LoginTest" name="loginTest" time="2.398"/>
  <testcase classname="testCases.TC002_LoginTest" name="loginTest" time="2.814"/>
  <testcase classname="testCases.TC002_LoginTest" name="loginTest" time="2.663"/>
</testsuite> <!-- testCases.TC002_LoginTest -->
