<?xml version="1.0" encoding="UTF-8"?>
<!-- Generated by org.testng.reporters.JUnitReportReporter -->
<testsuite hostname="WIN-251I7G81T1F" failures="0" tests="2" name="testCases.TC002_LoginTest" time="3.809" errors="0" timestamp="2024-09-05T17:25:11 BST" skipped="0">
  <testcase classname="testCases.TC002_LoginTest" name="loginTest" time="1.893"/>
  <testcase classname="testCases.TC002_LoginTest" name="loginTest" time="1.916"/>
</testsuite> <!-- testCases.TC002_LoginTest -->
