<?xml version="1.0" encoding="UTF-8"?>
<!-- Generated by org.testng.reporters.JUnitReportReporter -->
<testsuite hostname="WIN-251I7G81T1F" failures="0" tests="1" name="testCases.TC002_LoginTest" time="1.784" errors="0" timestamp="2024-09-06T18:26:25 BST" skipped="0">
  <testcase classname="testCases.TC002_LoginTest" name="loginTest" time="1.784"/>
</testsuite> <!-- testCases.TC002_LoginTest -->
