<?xml version="1.0" encoding="UTF-8"?>
<!-- Generated by org.testng.reporters.JUnitReportReporter -->
<testsuite hostname="WIN-251I7G81T1F" failures="0" tests="3" name="testCases.TC001_AccountRegistrationTest" time="15.435" errors="0" timestamp="2024-09-05T18:39:03 BST" skipped="0">
  <testcase classname="testCases.TC001_AccountRegistrationTest" name="registrationTest" time="5.958"/>
  <testcase classname="testCases.TC001_AccountRegistrationTest" name="registrationTest" time="4.193"/>
  <testcase classname="testCases.TC001_AccountRegistrationTest" name="registrationTest" time="5.284"/>
</testsuite> <!-- testCases.TC001_AccountRegistrationTest -->
