<?xml version="1.0" encoding="UTF-8"?>
<!-- Generated by org.testng.reporters.JUnitReportReporter -->
<testsuite hostname="WIN-251I7G81T1F" failures="0" tests="1" name="testCases.TC001_AccountRegistrationTest" time="2.608" errors="0" timestamp="2024-09-06T18:26:25 BST" skipped="0">
  <testcase classname="testCases.TC001_AccountRegistrationTest" name="registrationTest" time="2.608"/>
</testsuite> <!-- testCases.TC001_AccountRegistrationTest -->
